<?xml version="1.0" encoding="UTF-8"?>
<!-- Generated by org.testng.reporters.JUnitXMLReporter -->
<testsuite ignored="0" hostname="LAPTOP-32PGF92B" failures="0" tests="9" name="Default test" time="0.551" errors="0" timestamp="2024-11-01T10:41:47 PKT">
  <testcase classname="OrderServiceTest" name="testUpdateOrder" time="0.009"/>
  <testcase classname="OrderServiceTest" name="testCancelOrder" time="0.001"/>
  <testcase classname="OrderServiceTest" name="testGetOrderById" time="0.002"/>
  <testcase classname="OrderServiceTest" name="testGetOrderById" time="0.001"/>
  <testcase classname="OrderServiceTest" name="testGetOrderById" time="0.002"/>
  <testcase classname="OrderServiceTest" name="testGetOrderById" time="0.001"/>
  <testcase classname="OrderServiceTest" name="testCreateOrder" time="0.005"/>
  <testcase classname="OrderServiceTest" name="testListOrdersByUser" time="0.004"/>
  <testcase classname="OrderServiceTest" name="testListOrdersByUser" time="0.0"/>
</testsuite> <!-- Default test -->
