<?xml version="1.0" encoding="UTF-8"?>
<!-- Generated by org.testng.reporters.JUnitXMLReporter -->
<testsuite ignored="0" hostname="LAPTOP-32PGF92B" failures="0" tests="6" name="Default test" time="0.839" errors="0" timestamp="2024-11-01T19:18:03 PKT">
  <testcase classname="OrderTests.OrderServiceTest" name="testGetOrderById" time="0.741"/>
  <testcase classname="OrderTests.OrderServiceTest" name="testUpdateOrder" time="0.003"/>
  <testcase classname="OrderTests.OrderServiceTest" name="testCancelOrder" time="0.003"/>
  <testcase classname="OrderTests.OrderServiceTest" name="testCreateOrder" time="0.005"/>
  <testcase classname="OrderTests.OrderServiceTest" name="testListOrdersByUser" time="0.003"/>
  <testcase classname="OrderTests.OrderServiceTest" name="testListOrdersByUser" time="0.002"/>
</testsuite> <!-- Default test -->
